<?xml version="1.0" encoding="UTF-8"?>
<!-- Generated by org.testng.reporters.JUnitReportReporter -->
<testsuite skipped="4" hostname="LAPTOP-MQODM87S" name="com.Mini_project_Test_Case.Login_Data_Driver" tests="5" failures="0" timestamp="2020-05-02T14:54:38 IST" time="-1588411520.000" errors="1">
  <testcase name="actual_test" time="0.000" classname="com.Mini_project_Test_Case.Login_Data_Driver">
    <skipped/>
  </testcase> <!-- actual_test -->
  <system-out/>
  <testcase name="actual_test" time="0.000" classname="com.Mini_project_Test_Case.Login_Data_Driver">
    <skipped/>
  </testcase> <!-- actual_test -->
  <system-out/>
  <testcase name="actual_test" time="0.000" classname="com.Mini_project_Test_Case.Login_Data_Driver">
    <skipped/>
  </testcase> <!-- actual_test -->
  <system-out/>
  <testcase name="actual_test" time="0.000" classname="com.Mini_project_Test_Case.Login_Data_Driver">
    <skipped/>
  </testcase> <!-- actual_test -->
  <system-out/>
  <testcase name="setUp" time="-1588411520.000" classname="com.Mini_project_Test_Case.Login_Data_Driver">
    <error type="org.testng.TestNGException" message="
Parameter &#039;Browser&#039; is required by BeforeClass on method setUp but has not been marked @Optional or defined
in C:\Users\bharath naidu\AppData\Local\Temp\testng-eclipse-1389998623\testng-customsuite.xml">
      <![CDATA[org.testng.TestNGException: 
Parameter 'Browser' is required by BeforeClass on method setUp but has not been marked @Optional or defined
in C:\Users\bharath naidu\AppData\Local\Temp\testng-eclipse-1389998623\testng-customsuite.xml
at org.testng.internal.Parameters.createParams(Parameters.java:272)
at org.testng.internal.Parameters.createParametersForMethod(Parameters.java:360)
at org.testng.internal.Parameters.createParameters(Parameters.java:704)
at org.testng.internal.Parameters.createConfigurationParameters(Parameters.java:166)
at org.testng.internal.ConfigInvoker.invokeConfigurations(ConfigInvoker.java:283)
at org.testng.internal.TestMethodWorker.invokeBeforeClassMethods(TestMethodWorker.java:176)
at org.testng.internal.TestMethodWorker.run(TestMethodWorker.java:122)
at java.util.ArrayList.forEach(ArrayList.java:1257)
at org.testng.TestRunner.privateRun(TestRunner.java:766)
at org.testng.TestRunner.run(TestRunner.java:587)
at org.testng.SuiteRunner.runTest(SuiteRunner.java:384)
at org.testng.SuiteRunner.runSequentially(SuiteRunner.java:378)
at org.testng.SuiteRunner.privateRun(SuiteRunner.java:337)
at org.testng.SuiteRunner.run(SuiteRunner.java:286)
at org.testng.SuiteRunnerWorker.runSuite(SuiteRunnerWorker.java:53)
at org.testng.SuiteRunnerWorker.run(SuiteRunnerWorker.java:96)
at org.testng.TestNG.runSuitesSequentially(TestNG.java:1187)
at org.testng.TestNG.runSuitesLocally(TestNG.java:1109)
at org.testng.TestNG.runSuites(TestNG.java:1039)
at org.testng.TestNG.run(TestNG.java:1007)
at org.testng.remote.AbstractRemoteTestNG.run(AbstractRemoteTestNG.java:115)
at org.testng.remote.RemoteTestNG.initAndRun(RemoteTestNG.java:251)
at org.testng.remote.RemoteTestNG.main(RemoteTestNG.java:77)
]]>
    </error>
  </testcase> <!-- setUp -->
  <system-out/>
</testsuite> <!-- com.Mini_project_Test_Case.Login_Data_Driver -->
